{
  "/Users/mattbromham/Documents/paramind-lms-v2/src/hooks/index.ts": {
    "path": "/Users/mattbromham/Documents/paramind-lms-v2/src/hooks/index.ts",
    "all": false,
    "statementMap": {
      "0": {
        "start": { "line": 1, "column": 0 },
        "end": { "line": 1, "column": 8 }
      }
    },
    "s": { "0": 1 },
    "branchMap": {},
    "b": {},
    "fnMap": {},
    "f": {}
  },
  "/Users/mattbromham/Documents/paramind-lms-v2/src/hooks/useLesson.ts": {
    "path": "/Users/mattbromham/Documents/paramind-lms-v2/src/hooks/useLesson.ts",
    "all": false,
    "statementMap": {
      "0": {
        "start": { "line": 1, "column": 0 },
        "end": { "line": 1, "column": 55 }
      },
      "17": {
        "start": { "line": 18, "column": 0 },
        "end": { "line": 18, "column": 79 }
      },
      "18": {
        "start": { "line": 19, "column": 0 },
        "end": { "line": 19, "column": 19 }
      },
      "19": {
        "start": { "line": 20, "column": 0 },
        "end": { "line": 20, "column": 31 }
      },
      "20": {
        "start": { "line": 21, "column": 0 },
        "end": { "line": 21, "column": 58 }
      },
      "21": {
        "start": { "line": 22, "column": 0 },
        "end": { "line": 22, "column": 47 }
      },
      "23": {
        "start": { "line": 24, "column": 0 },
        "end": { "line": 24, "column": 11 }
      },
      "24": {
        "start": { "line": 25, "column": 0 },
        "end": { "line": 25, "column": 46 }
      },
      "25": {
        "start": { "line": 26, "column": 0 },
        "end": { "line": 26, "column": 26 }
      },
      "26": {
        "start": { "line": 27, "column": 0 },
        "end": { "line": 27, "column": 32 }
      },
      "27": {
        "start": { "line": 28, "column": 0 },
        "end": { "line": 28, "column": 27 }
      },
      "28": {
        "start": { "line": 29, "column": 0 },
        "end": { "line": 29, "column": 20 }
      },
      "30": {
        "start": { "line": 31, "column": 0 },
        "end": { "line": 31, "column": 20 }
      },
      "31": {
        "start": { "line": 32, "column": 0 },
        "end": { "line": 32, "column": 22 }
      },
      "32": {
        "start": { "line": 33, "column": 0 },
        "end": { "line": 33, "column": 9 }
      },
      "34": {
        "start": { "line": 35, "column": 0 },
        "end": { "line": 35, "column": 28 }
      },
      "35": {
        "start": { "line": 36, "column": 0 },
        "end": { "line": 36, "column": 23 }
      },
      "36": {
        "start": { "line": 37, "column": 0 },
        "end": { "line": 37, "column": 53 }
      },
      "37": {
        "start": { "line": 38, "column": 0 },
        "end": { "line": 38, "column": 7 }
      },
      "38": {
        "start": { "line": 39, "column": 0 },
        "end": { "line": 39, "column": 6 }
      },
      "39": {
        "start": { "line": 40, "column": 0 },
        "end": { "line": 40, "column": 47 }
      },
      "40": {
        "start": { "line": 41, "column": 0 },
        "end": { "line": 41, "column": 58 }
      },
      "41": {
        "start": { "line": 42, "column": 0 },
        "end": { "line": 42, "column": 5 }
      },
      "42": {
        "start": { "line": 43, "column": 0 },
        "end": { "line": 43, "column": 2 }
      }
    },
    "s": {
      "0": 1,
      "17": 1,
      "18": 31,
      "19": 31,
      "20": 31,
      "21": 16,
      "23": 16,
      "24": 16,
      "25": 16,
      "26": 16,
      "27": 16,
      "28": 16,
      "30": 16,
      "31": 3,
      "32": 3,
      "34": 16,
      "35": 16,
      "36": 4,
      "37": 4,
      "38": 16,
      "39": 31,
      "40": 31,
      "41": 31,
      "42": 31
    },
    "branchMap": {
      "0": {
        "type": "branch",
        "line": 18,
        "loc": {
          "start": { "line": 18, "column": 25 },
          "end": { "line": 43, "column": 2 }
        },
        "locations": [
          {
            "start": { "line": 18, "column": 25 },
            "end": { "line": 43, "column": 2 }
          }
        ]
      },
      "1": {
        "type": "branch",
        "line": 21,
        "loc": {
          "start": { "line": 21, "column": 13 },
          "end": { "line": 39, "column": 6 }
        },
        "locations": [
          {
            "start": { "line": 21, "column": 13 },
            "end": { "line": 39, "column": 6 }
          }
        ]
      },
      "2": {
        "type": "branch",
        "line": 22,
        "loc": {
          "start": { "line": 22, "column": 23 },
          "end": { "line": 22, "column": 47 }
        },
        "locations": [
          {
            "start": { "line": 22, "column": 23 },
            "end": { "line": 22, "column": 47 }
          }
        ]
      },
      "3": {
        "type": "branch",
        "line": 29,
        "loc": {
          "start": { "line": 29, "column": 18 },
          "end": { "line": 31, "column": 19 }
        },
        "locations": [
          {
            "start": { "line": 29, "column": 18 },
            "end": { "line": 31, "column": 19 }
          }
        ]
      },
      "4": {
        "type": "branch",
        "line": 31,
        "loc": {
          "start": { "line": 31, "column": 19 },
          "end": { "line": 33, "column": 9 }
        },
        "locations": [
          {
            "start": { "line": 31, "column": 19 },
            "end": { "line": 33, "column": 9 }
          }
        ]
      },
      "5": {
        "type": "branch",
        "line": 33,
        "loc": {
          "start": { "line": 33, "column": 8 },
          "end": { "line": 35, "column": 23 }
        },
        "locations": [
          {
            "start": { "line": 33, "column": 8 },
            "end": { "line": 35, "column": 23 }
          }
        ]
      },
      "6": {
        "type": "branch",
        "line": 35,
        "loc": {
          "start": { "line": 35, "column": 15 },
          "end": { "line": 35, "column": 28 }
        },
        "locations": [
          {
            "start": { "line": 35, "column": 15 },
            "end": { "line": 35, "column": 28 }
          }
        ]
      },
      "7": {
        "type": "branch",
        "line": 36,
        "loc": {
          "start": { "line": 36, "column": 6 },
          "end": { "line": 38, "column": 7 }
        },
        "locations": [
          {
            "start": { "line": 36, "column": 6 },
            "end": { "line": 38, "column": 7 }
          }
        ]
      }
    },
    "b": {
      "0": [31],
      "1": [16],
      "2": [15],
      "3": [13],
      "4": [3],
      "5": [10],
      "6": [3],
      "7": [4]
    },
    "fnMap": {
      "0": {
        "name": "useLesson",
        "decl": {
          "start": { "line": 18, "column": 25 },
          "end": { "line": 43, "column": 2 }
        },
        "loc": {
          "start": { "line": 18, "column": 25 },
          "end": { "line": 43, "column": 2 }
        },
        "line": 18
      },
      "1": {
        "name": "queryFn",
        "decl": {
          "start": { "line": 21, "column": 13 },
          "end": { "line": 39, "column": 6 }
        },
        "loc": {
          "start": { "line": 21, "column": 13 },
          "end": { "line": 39, "column": 6 }
        },
        "line": 21
      }
    },
    "f": { "0": 31, "1": 16 }
  },
  "/Users/mattbromham/Documents/paramind-lms-v2/src/hooks/useNodes.ts": {
    "path": "/Users/mattbromham/Documents/paramind-lms-v2/src/hooks/useNodes.ts",
    "all": false,
    "statementMap": {
      "0": {
        "start": { "line": 1, "column": 0 },
        "end": { "line": 1, "column": 55 }
      },
      "16": {
        "start": { "line": 17, "column": 0 },
        "end": { "line": 17, "column": 64 }
      },
      "17": {
        "start": { "line": 18, "column": 0 },
        "end": { "line": 18, "column": 19 }
      },
      "18": {
        "start": { "line": 19, "column": 0 },
        "end": { "line": 19, "column": 24 }
      },
      "19": {
        "start": { "line": 20, "column": 0 },
        "end": { "line": 20, "column": 43 }
      },
      "20": {
        "start": { "line": 21, "column": 0 },
        "end": { "line": 21, "column": 47 }
      },
      "22": {
        "start": { "line": 23, "column": 0 },
        "end": { "line": 23, "column": 11 }
      },
      "23": {
        "start": { "line": 24, "column": 0 },
        "end": { "line": 24, "column": 39 }
      },
      "24": {
        "start": { "line": 25, "column": 0 },
        "end": { "line": 25, "column": 24 }
      },
      "25": {
        "start": { "line": 26, "column": 0 },
        "end": { "line": 26, "column": 22 }
      },
      "26": {
        "start": { "line": 27, "column": 0 },
        "end": { "line": 27, "column": 26 }
      },
      "28": {
        "start": { "line": 29, "column": 0 },
        "end": { "line": 29, "column": 26 }
      },
      "29": {
        "start": { "line": 30, "column": 0 },
        "end": { "line": 30, "column": 23 }
      },
      "30": {
        "start": { "line": 31, "column": 0 },
        "end": { "line": 31, "column": 53 }
      },
      "31": {
        "start": { "line": 32, "column": 0 },
        "end": { "line": 32, "column": 7 }
      },
      "32": {
        "start": { "line": 33, "column": 0 },
        "end": { "line": 33, "column": 6 }
      },
      "33": {
        "start": { "line": 34, "column": 0 },
        "end": { "line": 34, "column": 52 }
      },
      "34": {
        "start": { "line": 35, "column": 0 },
        "end": { "line": 35, "column": 5 }
      },
      "35": {
        "start": { "line": 36, "column": 0 },
        "end": { "line": 36, "column": 2 }
      }
    },
    "s": {
      "0": 1,
      "16": 1,
      "17": 25,
      "18": 25,
      "19": 25,
      "20": 15,
      "22": 15,
      "23": 15,
      "24": 15,
      "25": 15,
      "26": 15,
      "28": 15,
      "29": 15,
      "30": 4,
      "31": 4,
      "32": 15,
      "33": 25,
      "34": 25,
      "35": 25
    },
    "branchMap": {
      "0": {
        "type": "branch",
        "line": 17,
        "loc": {
          "start": { "line": 17, "column": 24 },
          "end": { "line": 36, "column": 2 }
        },
        "locations": [
          {
            "start": { "line": 17, "column": 24 },
            "end": { "line": 36, "column": 2 }
          }
        ]
      },
      "1": {
        "type": "branch",
        "line": 20,
        "loc": {
          "start": { "line": 20, "column": 13 },
          "end": { "line": 33, "column": 6 }
        },
        "locations": [
          {
            "start": { "line": 20, "column": 13 },
            "end": { "line": 33, "column": 6 }
          }
        ]
      },
      "2": {
        "type": "branch",
        "line": 21,
        "loc": {
          "start": { "line": 21, "column": 23 },
          "end": { "line": 21, "column": 47 }
        },
        "locations": [
          {
            "start": { "line": 21, "column": 23 },
            "end": { "line": 21, "column": 47 }
          }
        ]
      },
      "3": {
        "type": "branch",
        "line": 27,
        "loc": {
          "start": { "line": 27, "column": 24 },
          "end": { "line": 29, "column": 23 }
        },
        "locations": [
          {
            "start": { "line": 27, "column": 24 },
            "end": { "line": 29, "column": 23 }
          }
        ]
      },
      "4": {
        "type": "branch",
        "line": 29,
        "loc": {
          "start": { "line": 29, "column": 15 },
          "end": { "line": 29, "column": 26 }
        },
        "locations": [
          {
            "start": { "line": 29, "column": 15 },
            "end": { "line": 29, "column": 26 }
          }
        ]
      },
      "5": {
        "type": "branch",
        "line": 30,
        "loc": {
          "start": { "line": 30, "column": 6 },
          "end": { "line": 32, "column": 7 }
        },
        "locations": [
          {
            "start": { "line": 30, "column": 6 },
            "end": { "line": 32, "column": 7 }
          }
        ]
      }
    },
    "b": { "0": [25], "1": [15], "2": [14], "3": [8], "4": [1], "5": [4] },
    "fnMap": {
      "0": {
        "name": "useNodes",
        "decl": {
          "start": { "line": 17, "column": 24 },
          "end": { "line": 36, "column": 2 }
        },
        "loc": {
          "start": { "line": 17, "column": 24 },
          "end": { "line": 36, "column": 2 }
        },
        "line": 17
      },
      "1": {
        "name": "queryFn",
        "decl": {
          "start": { "line": 20, "column": 13 },
          "end": { "line": 33, "column": 6 }
        },
        "loc": {
          "start": { "line": 20, "column": 13 },
          "end": { "line": 33, "column": 6 }
        },
        "line": 20
      }
    },
    "f": { "0": 25, "1": 15 }
  },
  "/Users/mattbromham/Documents/paramind-lms-v2/src/hooks/usePing.ts": {
    "path": "/Users/mattbromham/Documents/paramind-lms-v2/src/hooks/usePing.ts",
    "all": false,
    "statementMap": {
      "0": {
        "start": { "line": 1, "column": 0 },
        "end": { "line": 1, "column": 49 }
      },
      "4": {
        "start": { "line": 5, "column": 0 },
        "end": { "line": 5, "column": 28 }
      },
      "5": {
        "start": { "line": 6, "column": 0 },
        "end": { "line": 6, "column": 12 }
      },
      "6": {
        "start": { "line": 7, "column": 0 },
        "end": { "line": 7, "column": 23 }
      },
      "7": {
        "start": { "line": 8, "column": 0 },
        "end": { "line": 8, "column": 26 }
      },
      "8": {
        "start": { "line": 9, "column": 0 },
        "end": { "line": 9, "column": 37 }
      },
      "9": {
        "start": { "line": 10, "column": 0 },
        "end": { "line": 10, "column": 57 }
      },
      "10": {
        "start": { "line": 11, "column": 0 },
        "end": { "line": 11, "column": 29 }
      },
      "11": {
        "start": { "line": 12, "column": 0 },
        "end": { "line": 12, "column": 18 }
      },
      "12": {
        "start": { "line": 13, "column": 0 },
        "end": { "line": 13, "column": 6 }
      },
      "13": {
        "start": { "line": 14, "column": 0 },
        "end": { "line": 14, "column": 5 }
      }
    },
    "s": {
      "0": 1,
      "4": 1,
      "5": 5,
      "6": 5,
      "7": 5,
      "8": 4,
      "9": 4,
      "10": 2,
      "11": 2,
      "12": 4,
      "13": 5
    },
    "branchMap": {
      "0": {
        "type": "branch",
        "line": 5,
        "loc": {
          "start": { "line": 5, "column": 23 },
          "end": { "line": 14, "column": 5 }
        },
        "locations": [
          {
            "start": { "line": 5, "column": 23 },
            "end": { "line": 14, "column": 5 }
          }
        ]
      },
      "1": {
        "type": "branch",
        "line": 8,
        "loc": {
          "start": { "line": 8, "column": 13 },
          "end": { "line": 13, "column": 6 }
        },
        "locations": [
          {
            "start": { "line": 8, "column": 13 },
            "end": { "line": 13, "column": 6 }
          }
        ]
      },
      "2": {
        "type": "branch",
        "line": 10,
        "loc": {
          "start": { "line": 10, "column": 55 },
          "end": { "line": 12, "column": 18 }
        },
        "locations": [
          {
            "start": { "line": 10, "column": 55 },
            "end": { "line": 12, "column": 18 }
          }
        ]
      },
      "3": {
        "type": "branch",
        "line": 11,
        "loc": {
          "start": { "line": 11, "column": 17 },
          "end": { "line": 11, "column": 29 }
        },
        "locations": [
          {
            "start": { "line": 11, "column": 17 },
            "end": { "line": 11, "column": 29 }
          }
        ]
      }
    },
    "b": { "0": [5], "1": [4], "2": [2], "3": [0] },
    "fnMap": {
      "0": {
        "name": "usePing",
        "decl": {
          "start": { "line": 5, "column": 23 },
          "end": { "line": 14, "column": 5 }
        },
        "loc": {
          "start": { "line": 5, "column": 23 },
          "end": { "line": 14, "column": 5 }
        },
        "line": 5
      },
      "1": {
        "name": "queryFn",
        "decl": {
          "start": { "line": 8, "column": 13 },
          "end": { "line": 13, "column": 6 }
        },
        "loc": {
          "start": { "line": 8, "column": 13 },
          "end": { "line": 13, "column": 6 }
        },
        "line": 8
      }
    },
    "f": { "0": 5, "1": 4 }
  },
  "/Users/mattbromham/Documents/paramind-lms-v2/src/lib/normalizeSupabaseError.ts": {
    "path": "/Users/mattbromham/Documents/paramind-lms-v2/src/lib/normalizeSupabaseError.ts",
    "all": false,
    "statementMap": {
      "0": {
        "start": { "line": 1, "column": 0 },
        "end": { "line": 1, "column": 66 }
      },
      "8": {
        "start": { "line": 9, "column": 0 },
        "end": { "line": 9, "column": 39 }
      },
      "9": {
        "start": { "line": 10, "column": 0 },
        "end": { "line": 10, "column": 43 }
      },
      "10": {
        "start": { "line": 11, "column": 0 },
        "end": { "line": 11, "column": 10 }
      },
      "12": {
        "start": { "line": 13, "column": 0 },
        "end": { "line": 13, "column": 53 }
      },
      "13": {
        "start": { "line": 14, "column": 0 },
        "end": { "line": 14, "column": 17 }
      },
      "14": {
        "start": { "line": 15, "column": 0 },
        "end": { "line": 15, "column": 3 }
      },
      "17": {
        "start": { "line": 18, "column": 0 },
        "end": { "line": 18, "column": 58 }
      },
      "19": {
        "start": { "line": 20, "column": 0 },
        "end": { "line": 20, "column": 33 }
      },
      "20": {
        "start": { "line": 21, "column": 0 },
        "end": { "line": 21, "column": 40 }
      },
      "21": {
        "start": { "line": 22, "column": 0 },
        "end": { "line": 22, "column": 5 }
      },
      "24": {
        "start": { "line": 25, "column": 0 },
        "end": { "line": 25, "column": 56 }
      },
      "25": {
        "start": { "line": 26, "column": 0 },
        "end": { "line": 26, "column": 3 }
      },
      "28": {
        "start": { "line": 29, "column": 0 },
        "end": { "line": 29, "column": 35 }
      },
      "29": {
        "start": { "line": 30, "column": 0 },
        "end": { "line": 30, "column": 62 }
      },
      "30": {
        "start": { "line": 31, "column": 0 },
        "end": { "line": 31, "column": 3 }
      },
      "33": {
        "start": { "line": 34, "column": 0 },
        "end": { "line": 34, "column": 51 }
      },
      "34": {
        "start": { "line": 35, "column": 0 },
        "end": { "line": 35, "column": 1 }
      }
    },
    "s": {
      "0": 1,
      "8": 1,
      "9": 15,
      "10": 15,
      "12": 15,
      "13": 4,
      "14": 4,
      "17": 15,
      "19": 8,
      "20": 4,
      "21": 4,
      "24": 8,
      "25": 8,
      "28": 7,
      "29": 2,
      "30": 2,
      "33": 1,
      "34": 1
    },
    "branchMap": {
      "0": {
        "type": "branch",
        "line": 9,
        "loc": {
          "start": { "line": 9, "column": 7 },
          "end": { "line": 35, "column": 1 }
        },
        "locations": [
          {
            "start": { "line": 9, "column": 7 },
            "end": { "line": 35, "column": 1 }
          }
        ]
      },
      "1": {
        "type": "branch",
        "line": 13,
        "loc": {
          "start": { "line": 13, "column": 23 },
          "end": { "line": 13, "column": 52 }
        },
        "locations": [
          {
            "start": { "line": 13, "column": 23 },
            "end": { "line": 13, "column": 52 }
          }
        ]
      },
      "2": {
        "type": "branch",
        "line": 13,
        "loc": {
          "start": { "line": 13, "column": 52 },
          "end": { "line": 18, "column": 57 }
        },
        "locations": [
          {
            "start": { "line": 13, "column": 52 },
            "end": { "line": 18, "column": 57 }
          }
        ]
      },
      "3": {
        "type": "branch",
        "line": 13,
        "loc": {
          "start": { "line": 13, "column": 52 },
          "end": { "line": 15, "column": 3 }
        },
        "locations": [
          {
            "start": { "line": 13, "column": 52 },
            "end": { "line": 15, "column": 3 }
          }
        ]
      },
      "4": {
        "type": "branch",
        "line": 15,
        "loc": {
          "start": { "line": 15, "column": 2 },
          "end": { "line": 18, "column": 57 }
        },
        "locations": [
          {
            "start": { "line": 15, "column": 2 },
            "end": { "line": 18, "column": 57 }
          }
        ]
      },
      "5": {
        "type": "branch",
        "line": 15,
        "loc": {
          "start": { "line": 15, "column": 2 },
          "end": { "line": 18, "column": 25 }
        },
        "locations": [
          {
            "start": { "line": 15, "column": 2 },
            "end": { "line": 18, "column": 25 }
          }
        ]
      },
      "6": {
        "type": "branch",
        "line": 18,
        "loc": {
          "start": { "line": 18, "column": 16 },
          "end": { "line": 18, "column": 57 }
        },
        "locations": [
          {
            "start": { "line": 18, "column": 16 },
            "end": { "line": 18, "column": 57 }
          }
        ]
      },
      "7": {
        "type": "branch",
        "line": 18,
        "loc": {
          "start": { "line": 18, "column": 57 },
          "end": { "line": 26, "column": 3 }
        },
        "locations": [
          {
            "start": { "line": 18, "column": 57 },
            "end": { "line": 26, "column": 3 }
          }
        ]
      },
      "8": {
        "type": "branch",
        "line": 20,
        "loc": {
          "start": { "line": 20, "column": 32 },
          "end": { "line": 25, "column": 38 }
        },
        "locations": [
          {
            "start": { "line": 20, "column": 32 },
            "end": { "line": 25, "column": 38 }
          }
        ]
      },
      "9": {
        "type": "branch",
        "line": 25,
        "loc": {
          "start": { "line": 25, "column": 27 },
          "end": { "line": 25, "column": 54 }
        },
        "locations": [
          {
            "start": { "line": 25, "column": 27 },
            "end": { "line": 25, "column": 54 }
          }
        ]
      },
      "10": {
        "type": "branch",
        "line": 26,
        "loc": {
          "start": { "line": 26, "column": 2 },
          "end": { "line": 35, "column": 1 }
        },
        "locations": [
          {
            "start": { "line": 26, "column": 2 },
            "end": { "line": 35, "column": 1 }
          }
        ]
      },
      "11": {
        "type": "branch",
        "line": 26,
        "loc": {
          "start": { "line": 26, "column": 2 },
          "end": { "line": 29, "column": 34 }
        },
        "locations": [
          {
            "start": { "line": 26, "column": 2 },
            "end": { "line": 29, "column": 34 }
          }
        ]
      },
      "12": {
        "type": "branch",
        "line": 29,
        "loc": {
          "start": { "line": 29, "column": 34 },
          "end": { "line": 31, "column": 3 }
        },
        "locations": [
          {
            "start": { "line": 29, "column": 34 },
            "end": { "line": 31, "column": 3 }
          }
        ]
      },
      "13": {
        "type": "branch",
        "line": 30,
        "loc": {
          "start": { "line": 30, "column": 27 },
          "end": { "line": 30, "column": 60 }
        },
        "locations": [
          {
            "start": { "line": 30, "column": 27 },
            "end": { "line": 30, "column": 60 }
          }
        ]
      },
      "14": {
        "type": "branch",
        "line": 31,
        "loc": {
          "start": { "line": 31, "column": 2 },
          "end": { "line": 35, "column": 1 }
        },
        "locations": [
          {
            "start": { "line": 31, "column": 2 },
            "end": { "line": 35, "column": 1 }
          }
        ]
      }
    },
    "b": {
      "0": [15],
      "1": [6],
      "2": [14],
      "3": [4],
      "4": [12],
      "5": [11],
      "6": [10],
      "7": [8],
      "8": [4],
      "9": [1],
      "10": [7],
      "11": [3],
      "12": [2],
      "13": [1],
      "14": [1]
    },
    "fnMap": {
      "0": {
        "name": "normalizeSupabaseError",
        "decl": {
          "start": { "line": 9, "column": 7 },
          "end": { "line": 35, "column": 1 }
        },
        "loc": {
          "start": { "line": 9, "column": 7 },
          "end": { "line": 35, "column": 1 }
        },
        "line": 9
      }
    },
    "f": { "0": 15 }
  }
}
